bUS/build/outputs/logs/manifest-merger-debug-report.txt
-- Merging decision tree log ---
manifest
ADDED from src\main\AndroidManifest.xml:2:1-375:12
	package
		ADDED from src\main\AndroidManifest.xml:3:5-32
		INJECTED from src\main\AndroidManifest.xml
		INJECTED from src\main\AndroidManifest.xml
	android:versionName
		ADDED from src\main\AndroidManifest.xml:5:5-30
		INJECTED from src\main\AndroidManifest.xml
		INJECTED from src\main\AndroidManifest.xml
	android:versionCode
		ADDED from src\main\AndroidManifest.xml:4:5-30
		INJECTED from src\main\AndroidManifest.xml
		INJECTED from src\main\AndroidManifest.xml
	xmlns:android
		ADDED from src\main\AndroidManifest.xml:2:11-69
uses-sdk
ADDED from src\main\AndroidManifest.xml:7:5-9:41
MERGED from [BUS_STUDIO:core:unspecified] AndroidManifest.xml:7:5-9:41
MERGED from [BUS_STUDIO:ptrlib:unspecified] AndroidManifest.xml:7:5-9:41
MERGED from [BUS_STUDIO:easeUI_CN:unspecified] AndroidManifest.xml:7:5-9:41
MERGED from [com.android.support:design:23.4.0] AndroidManifest.xml:20:5-43
MERGED from [com.android.support:recyclerview-v7:23.4.0] AndroidManifest.xml:20:5-43
MERGED from [com.android.support:appcompat-v7:23.4.0] AndroidManifest.xml:21:5-23:78
MERGED from [com.android.support:animated-vector-drawable:23.4.0] AndroidManifest.xml:5:5-44
MERGED from [com.android.support:support-vector-drawable:23.4.0] AndroidManifest.xml:5:5-43
MERGED from [com.android.support:support-v4:23.4.0] AndroidManifest.xml:20:5-43
	tools:overrideLibrary
		ADDED from [com.android.support:appcompat-v7:23.4.0] AndroidManifest.xml:23:9-75
	android:targetSdkVersion
		ADDED from src\main\AndroidManifest.xml:9:9-38
		INJECTED from src\main\AndroidManifest.xml
		INJECTED from src\main\AndroidManifest.xml
	android:minSdkVersion
		ADDED from src\main\AndroidManifest.xml:8:9-35
		INJECTED from src\main\AndroidManifest.xml
		INJECTED from src\main\AndroidManifest.xml
uses-permission#android.permission.INTERNET
ADDED from src\main\AndroidManifest.xml:11:5-67
	android:name
		ADDED from src\main\AndroidManifest.xml:11:22-64
uses-permission#android.permission.ACCESS_NETWORK_STATE
ADDED from src\main\AndroidManifest.xml:12:5-79
	android:name
		ADDED from src\main\AndroidManifest.xml:12:22-76
uses-permission#android.permission.ACCESS_WIFI_STATE
ADDED from src\main\AndroidManifest.xml:13:5-76
	android:name
		ADDED from src\main\AndroidManifest.xml:13:22-73
uses-permission#android.permission.READ_PHONE_STATE
ADDED from src\main\AndroidManifest.xml:14:5-75
	android:name
		ADDED from src\main\AndroidManifest.xml:14:22-72
uses-permission#android.permission.WRITE_EXTERNAL_STORAGE
ADDED from src\main\AndroidManifest.xml:15:5-81
	android:name
		ADDED from src\main\AndroidManifest.xml:15:22-78
uses-permission#android.permission.VIBRATE
ADDED from src\main\AndroidManifest.xml:16:5-66
	android:name
		ADDED from src\main\AndroidManifest.xml:16:22-63
uses-permission#android.permission.CHANGE_NETWORK_STATE
ADDED from src\main\AndroidManifest.xml:17:5-18:23
	android:name
		ADDED from src\main\AndroidManifest.xml:17:22-76
uses-permission#android.permission.CHANGE_WIFI_STATE
ADDED from src\main\AndroidManifest.xml:21:5-22:23
	android:name
		ADDED from src\main\AndroidManifest.xml:21:22-73
uses-permission#android.permission.ACCESS_COARSE_LOCATION
ADDED from src\main\AndroidManifest.xml:23:5-81
	android:name
		ADDED from src\main\AndroidManifest.xml:23:22-78
uses-permission#android.permission.ACCESS_FINE_LOCATION
ADDED from src\main\AndroidManifest.xml:24:5-79
	android:name
		ADDED from src\main\AndroidManifest.xml:24:22-76
uses-permission#android.permission.CHANGE_CONFIGURATION
ADDED from src\main\AndroidManifest.xml:26:5-79
	android:name
		ADDED from src\main\AndroidManifest.xml:26:22-76
uses-permission#android.permission.WAKE_LOCK
ADDED from src\main\AndroidManifest.xml:27:5-68
	android:name
		ADDED from src\main\AndroidManifest.xml:27:22-65
uses-permission#android.permission.READ_EXTERNAL_STORAGE
ADDED from src\main\AndroidManifest.xml:35:5-80
	android:name
		ADDED from src\main\AndroidManifest.xml:35:22-77
uses-permission#android.permission.CAMERA
ADDED from src\main\AndroidManifest.xml:36:5-65
	android:name
		ADDED from src\main\AndroidManifest.xml:36:22-62
uses-permission#android.permission.FLASHLIGHT
ADDED from src\main\AndroidManifest.xml:37:5-69
	android:name
		ADDED from src\main\AndroidManifest.xml:37:22-66
uses-feature#android.hardware.camera
ADDED from src\main\AndroidManifest.xml:40:5-60
	android:name
		ADDED from src\main\AndroidManifest.xml:40:19-57
uses-feature#android.hardware.camera.autofocus
ADDED from src\main\AndroidManifest.xml:41:5-70
	android:name
		ADDED from src\main\AndroidManifest.xml:41:19-67
uses-permission#android.permission.GET_TASKS
ADDED from src\main\AndroidManifest.xml:43:5-68
	android:name
		ADDED from src\main\AndroidManifest.xml:43:22-65
uses-permission#android.permission.RECEIVE_BOOT_COMPLETED
ADDED from src\main\AndroidManifest.xml:44:5-81
	android:name
		ADDED from src\main\AndroidManifest.xml:44:22-78
uses-permission#android.permission.USE_CREDENTIALS
ADDED from src\main\AndroidManifest.xml:45:5-74
	android:name
		ADDED from src\main\AndroidManifest.xml:45:22-71
uses-permission#com.android.launcher.permission.READ_SETTINGS
ADDED from src\main\AndroidManifest.xml:46:5-85
	android:name
		ADDED from src\main\AndroidManifest.xml:46:22-82
uses-permission#android.permission.BROADCAST_STICKY
ADDED from src\main\AndroidManifest.xml:47:5-75
	android:name
		ADDED from src\main\AndroidManifest.xml:47:22-72
uses-permission#android.permission.WRITE_SETTINGS
ADDED from src\main\AndroidManifest.xml:48:5-73
	android:name
		ADDED from src\main\AndroidManifest.xml:48:22-70
uses-permission#android.permission.REQUEST_IGNORE_BATTERY_OPTIMIZATIONS
ADDED from src\main\AndroidManifest.xml:49:5-95
	android:name
		ADDED from src\main\AndroidManifest.xml:49:22-92
uses-permission#android.permission.RECORD_AUDIO
ADDED from src\main\AndroidManifest.xml:50:5-71
	android:name
		ADDED from src\main\AndroidManifest.xml:50:22-68
uses-permission#com.google.android.c2dm.permission.RECEIVE
ADDED from src\main\AndroidManifest.xml:53:5-82
	android:name
		ADDED from src\main\AndroidManifest.xml:53:22-79
permission#com.hyphenate.chatuidemo.permission.C2D_MESSAGE
ADDED from src\main\AndroidManifest.xml:55:5-57:47
	android:protectionLevel
		ADDED from src\main\AndroidManifest.xml:57:9-44
	android:name
		ADDED from src\main\AndroidManifest.xml:56:9-71
uses-permission#com.hyphenate.chatuidemo.permission.C2D_MESSAGE
ADDED from src\main\AndroidManifest.xml:59:5-87
	android:name
		ADDED from src\main\AndroidManifest.xml:59:22-84
permission#com.hyphenate.chatuidemo.permission.MIPUSH_RECEIVE
ADDED from src\main\AndroidManifest.xml:61:5-63:55
	android:protectionLevel
		ADDED from src\main\AndroidManifest.xml:63:9-52
	android:name
		ADDED from src\main\AndroidManifest.xml:62:9-74
uses-permission#com.hyphenate.chatuidemo.permission.MIPUSH_RECEIVE
ADDED from src\main\AndroidManifest.xml:65:5-90
	android:name
		ADDED from src\main\AndroidManifest.xml:65:22-87
application
ADDED from src\main\AndroidManifest.xml:67:5-373:19
MERGED from [BUS_STUDIO:ptrlib:unspecified] AndroidManifest.xml:11:5-20
MERGED from [com.android.support:design:23.4.0] AndroidManifest.xml:22:5-20
MERGED from [com.android.support:appcompat-v7:23.4.0] AndroidManifest.xml:25:5-20
MERGED from [com.android.support:animated-vector-drawable:23.4.0] AndroidManifest.xml:7:5-20
MERGED from [com.android.support:support-vector-drawable:23.4.0] AndroidManifest.xml:7:5-20
MERGED from [com.android.support:support-v4:23.4.0] AndroidManifest.xml:22:5-20
	android:label
		ADDED from src\main\AndroidManifest.xml:71:9-41
	android:allowBackup
		ADDED from src\main\AndroidManifest.xml:69:9-35
	android:icon
		ADDED from src\main\AndroidManifest.xml:70:9-36
	android:theme
		ADDED from src\main\AndroidManifest.xml:72:9-40
	android:name
		ADDED from src\main\AndroidManifest.xml:68:9-43
meta-data#com.amap.api.v2.apikey
ADDED from src\main\AndroidManifest.xml:73:9-75:64
	android:value
		ADDED from src\main\AndroidManifest.xml:75:13-61
	android:name
		ADDED from src\main\AndroidManifest.xml:74:13-50
meta-data#com.baidu.lbsapi.API_KEY
ADDED from src\main\AndroidManifest.xml:82:9-84:64
	android:value
		ADDED from src\main\AndroidManifest.xml:84:13-61
	android:name
		ADDED from src\main\AndroidManifest.xml:83:13-52
meta-data#EASEMOB_APPKEY
ADDED from src\main\AndroidManifest.xml:86:9-88:49
	android:value
		ADDED from src\main\AndroidManifest.xml:88:13-46
	android:name
		ADDED from src\main\AndroidManifest.xml:87:13-42
service#com.hyphenate.chat.EMChatService
ADDED from src\main\AndroidManifest.xml:90:9-92:39
	android:exported
		ADDED from src\main\AndroidManifest.xml:92:13-36
	android:name
		ADDED from src\main\AndroidManifest.xml:91:13-60
receiver#com.hyphenate.chat.EMMonitorReceiver
ADDED from src\main\AndroidManifest.xml:94:9-105:20
	android:name
		ADDED from src\main\AndroidManifest.xml:94:19-70
intent-filter#android.intent.action.PACKAGE_REMOVED
ADDED from src\main\AndroidManifest.xml:95:13-99:29
action#android.intent.action.PACKAGE_REMOVED
ADDED from src\main\AndroidManifest.xml:96:17-80
	android:name
		ADDED from src\main\AndroidManifest.xml:96:25-77
data
ADDED from src\main\AndroidManifest.xml:98:17-50
	android:scheme
		ADDED from src\main\AndroidManifest.xml:98:23-47
intent-filter#android.intent.action.BOOT_COMPLETED+android.intent.action.USER_PRESENT
ADDED from src\main\AndroidManifest.xml:101:13-104:29
action#android.intent.action.BOOT_COMPLETED
ADDED from src\main\AndroidManifest.xml:102:17-79
	android:name
		ADDED from src\main\AndroidManifest.xml:102:25-76
action#android.intent.action.USER_PRESENT
ADDED from src\main\AndroidManifest.xml:103:17-77
	android:name
		ADDED from src\main\AndroidManifest.xml:103:25-74
activity#com.mogu.activity.SplashActivity
ADDED from src\main\AndroidManifest.xml:107:9-126:20
	android:label
		ADDED from src\main\AndroidManifest.xml:109:13-45
	android:theme
		ADDED from src\main\AndroidManifest.xml:110:13-69
	android:name
		ADDED from src\main\AndroidManifest.xml:108:13-60
intent-filter#android.intent.action.MAIN+android.intent.category.LAUNCHER
ADDED from src\main\AndroidManifest.xml:111:13-115:29
action#android.intent.action.MAIN
ADDED from src\main\AndroidManifest.xml:112:17-69
	android:name
		ADDED from src\main\AndroidManifest.xml:112:25-66
category#android.intent.category.LAUNCHER
ADDED from src\main\AndroidManifest.xml:114:17-77
	android:name
		ADDED from src\main\AndroidManifest.xml:114:27-74
intent-filter#android.intent.action.VIEW+android.intent.category.BROWSABLE+android.intent.category.DEFAULT
ADDED from src\main\AndroidManifest.xml:116:13-125:29
action#android.intent.action.VIEW
ADDED from src\main\AndroidManifest.xml:117:17-69
	android:name
		ADDED from src\main\AndroidManifest.xml:117:25-66
category#android.intent.category.DEFAULT
ADDED from src\main\AndroidManifest.xml:119:17-76
	android:name
		ADDED from src\main\AndroidManifest.xml:119:27-73
category#android.intent.category.BROWSABLE
ADDED from src\main\AndroidManifest.xml:120:17-78
	android:name
		ADDED from src\main\AndroidManifest.xml:120:27-75
activity#com.mogu.activity.LoginActivity
ADDED from src\main\AndroidManifest.xml:127:9-130:20
	android:theme
		ADDED from src\main\AndroidManifest.xml:129:13-69
	android:name
		ADDED from src\main\AndroidManifest.xml:128:13-59
activity#com.mogu.activity.MainActivity
ADDED from src\main\AndroidManifest.xml:131:9-135:20
	android:launchMode
		ADDED from src\main\AndroidManifest.xml:133:13-44
	android:theme
		ADDED from src\main\AndroidManifest.xml:134:13-44
	android:name
		ADDED from src\main\AndroidManifest.xml:132:13-58
activity#com.mogu.activity.GuideActivity
ADDED from src\main\AndroidManifest.xml:136:9-139:20
	android:theme
		ADDED from src\main\AndroidManifest.xml:138:13-69
	android:name
		ADDED from src\main\AndroidManifest.xml:137:13-59
activity#com.hyphenate.easeui.ui.EaseGaodeMapActivity
ADDED from src\main\AndroidManifest.xml:141:9-144:20
	android:name
		ADDED from src\main\AndroidManifest.xml:142:13-72
activity#com.mogu.activity.IdentityAuthenticationActivity
ADDED from src\main\AndroidManifest.xml:145:9-148:20
	android:theme
		ADDED from src\main\AndroidManifest.xml:147:13-69
	android:name
		ADDED from src\main\AndroidManifest.xml:146:13-76
activity#com.mogu.activity.ShopPubActivity
ADDED from src\main\AndroidManifest.xml:149:9-152:20
	android:theme
		ADDED from src\main\AndroidManifest.xml:151:13-69
	android:name
		ADDED from src\main\AndroidManifest.xml:150:13-61
activity#com.mogu.activity.QQloginActivity
ADDED from src\main\AndroidManifest.xml:153:9-156:20
	android:theme
		ADDED from src\main\AndroidManifest.xml:155:13-69
	android:name
		ADDED from src\main\AndroidManifest.xml:154:13-61
activity#com.tencent.tauth.AuthActivity
ADDED from src\main\AndroidManifest.xml:157:9-170:20
	android:launchMode
		ADDED from src\main\AndroidManifest.xml:159:13-44
	android:noHistory
		ADDED from src\main\AndroidManifest.xml:160:13-37
	android:name
		ADDED from src\main\AndroidManifest.xml:158:13-58
activity#com.tencent.connect.common.AssistActivity
ADDED from src\main\AndroidManifest.xml:171:9-175:75
	android:screenOrientation
		ADDED from src\main\AndroidManifest.xml:174:13-47
	android:configChanges
		ADDED from src\main\AndroidManifest.xml:173:13-63
	android:theme
		ADDED from src\main\AndroidManifest.xml:175:13-72
	android:name
		ADDED from src\main\AndroidManifest.xml:172:13-69
activity#com.mogu.activity.PubTopicActivity
ADDED from src\main\AndroidManifest.xml:176:9-179:20
	android:theme
		ADDED from src\main\AndroidManifest.xml:178:13-69
	android:name
		ADDED from src\main\AndroidManifest.xml:177:13-62
activity#com.mogu.activity.wxapi.WXEntryActivity
ADDED from src\main\AndroidManifest.xml:180:9-185:20
	android:launchMode
		ADDED from src\main\AndroidManifest.xml:183:13-44
	android:exported
		ADDED from src\main\AndroidManifest.xml:182:13-36
	android:theme
		ADDED from src\main\AndroidManifest.xml:184:13-50
	android:name
		ADDED from src\main\AndroidManifest.xml:181:13-67
activity#com.mogu.activity.MissionActivity
ADDED from src\main\AndroidManifest.xml:186:9-189:20
	android:theme
		ADDED from src\main\AndroidManifest.xml:188:13-69
	android:name
		ADDED from src\main\AndroidManifest.xml:187:13-61
activity#com.mogu.activity.ChengjiuActivity
ADDED from src\main\AndroidManifest.xml:190:9-193:20
	android:theme
		ADDED from src\main\AndroidManifest.xml:192:13-69
	android:name
		ADDED from src\main\AndroidManifest.xml:191:13-62
activity#com.mogu.activity.SearchActivity
ADDED from src\main\AndroidManifest.xml:194:9-197:20
	android:theme
		ADDED from src\main\AndroidManifest.xml:196:13-69
	android:name
		ADDED from src\main\AndroidManifest.xml:195:13-60
activity#com.mogu.activity.ForgetPassActivity
ADDED from src\main\AndroidManifest.xml:198:9-201:20
	android:theme
		ADDED from src\main\AndroidManifest.xml:200:13-69
	android:name
		ADDED from src\main\AndroidManifest.xml:199:13-64
activity#com.mogu.activity.ShareWifiActivity
ADDED from src\main\AndroidManifest.xml:202:9-205:20
	android:theme
		ADDED from src\main\AndroidManifest.xml:204:13-69
	android:name
		ADDED from src\main\AndroidManifest.xml:203:13-63
activity#com.mogu.activity.BusListActivity
ADDED from src\main\AndroidManifest.xml:206:9-209:20
	android:theme
		ADDED from src\main\AndroidManifest.xml:208:13-69
	android:name
		ADDED from src\main\AndroidManifest.xml:207:13-61
activity#com.mogu.activity.MyInfoActivity
ADDED from src\main\AndroidManifest.xml:210:9-213:20
	android:theme
		ADDED from src\main\AndroidManifest.xml:212:13-69
	android:name
		ADDED from src\main\AndroidManifest.xml:211:13-60
activity#com.mogu.activity.MeActivity
ADDED from src\main\AndroidManifest.xml:214:9-217:20
	android:theme
		ADDED from src\main\AndroidManifest.xml:216:13-69
	android:name
		ADDED from src\main\AndroidManifest.xml:215:13-56
activity#com.mogu.activity.MyDownloadActivity
ADDED from src\main\AndroidManifest.xml:218:9-221:20
	android:theme
		ADDED from src\main\AndroidManifest.xml:220:13-69
	android:name
		ADDED from src\main\AndroidManifest.xml:219:13-64
activity#com.mogu.activity.BusDetailActivity
ADDED from src\main\AndroidManifest.xml:222:9-225:20
	android:theme
		ADDED from src\main\AndroidManifest.xml:224:13-69
	android:name
		ADDED from src\main\AndroidManifest.xml:223:13-63
activity#com.mogu.activity.NearbyWiFiActivity
ADDED from src\main\AndroidManifest.xml:226:9-229:20
	android:theme
		ADDED from src\main\AndroidManifest.xml:228:13-69
	android:name
		ADDED from src\main\AndroidManifest.xml:227:13-64
activity#com.mogu.activity.JuDianActivity
ADDED from src\main\AndroidManifest.xml:230:9-233:20
	android:theme
		ADDED from src\main\AndroidManifest.xml:232:13-69
	android:name
		ADDED from src\main\AndroidManifest.xml:231:13-60
activity#com.mogu.activity.ShareConectwifiActivity
ADDED from src\main\AndroidManifest.xml:234:9-237:20
	android:theme
		ADDED from src\main\AndroidManifest.xml:236:13-69
	android:name
		ADDED from src\main\AndroidManifest.xml:235:13-69
activity#com.mogu.activity.NearbyAllWiFiActivity
ADDED from src\main\AndroidManifest.xml:238:9-241:20
	android:theme
		ADDED from src\main\AndroidManifest.xml:240:13-69
	android:name
		ADDED from src\main\AndroidManifest.xml:239:13-67
activity#com.mogu.activity.BasicMapActivity
ADDED from src\main\AndroidManifest.xml:242:9-245:20
	android:theme
		ADDED from src\main\AndroidManifest.xml:244:13-69
	android:name
		ADDED from src\main\AndroidManifest.xml:243:13-62
activity#com.mogu.activity.WiFiNavigateActivity
ADDED from src\main\AndroidManifest.xml:246:9-249:20
	android:theme
		ADDED from src\main\AndroidManifest.xml:248:13-69
	android:name
		ADDED from src\main\AndroidManifest.xml:247:13-66
activity#com.mogu.activity.SearchAllActivity
ADDED from src\main\AndroidManifest.xml:250:9-253:20
	android:theme
		ADDED from src\main\AndroidManifest.xml:252:13-69
	android:name
		ADDED from src\main\AndroidManifest.xml:251:13-63
activity#com.mogu.activity.ChengChejlActivity
ADDED from src\main\AndroidManifest.xml:254:9-257:20
	android:theme
		ADDED from src\main\AndroidManifest.xml:256:13-69
	android:name
		ADDED from src\main\AndroidManifest.xml:255:13-64
activity#com.mogu.activity.NewsDetailsActivity
ADDED from src\main\AndroidManifest.xml:258:9-261:20
	android:theme
		ADDED from src\main\AndroidManifest.xml:260:13-69
	android:name
		ADDED from src\main\AndroidManifest.xml:259:13-65
activity#com.mogu.activity.LineCoverActivity
ADDED from src\main\AndroidManifest.xml:262:9-265:20
	android:theme
		ADDED from src\main\AndroidManifest.xml:264:13-69
	android:name
		ADDED from src\main\AndroidManifest.xml:263:13-63
activity#com.mogu.activity.GameActivity
ADDED from src\main\AndroidManifest.xml:266:9-269:20
	android:theme
		ADDED from src\main\AndroidManifest.xml:268:13-69
	android:name
		ADDED from src\main\AndroidManifest.xml:267:13-58
activity#com.mogu.activity.YingYongActivity
ADDED from src\main\AndroidManifest.xml:270:9-273:20
	android:theme
		ADDED from src\main\AndroidManifest.xml:272:13-69
	android:name
		ADDED from src\main\AndroidManifest.xml:271:13-62
activity#com.mogu.activity.SettingActivity
ADDED from src\main\AndroidManifest.xml:274:9-277:20
	android:theme
		ADDED from src\main\AndroidManifest.xml:276:13-69
	android:name
		ADDED from src\main\AndroidManifest.xml:275:13-61
activity#com.mogu.activity.RegisterActivity
ADDED from src\main\AndroidManifest.xml:278:9-281:20
	android:theme
		ADDED from src\main\AndroidManifest.xml:280:13-69
	android:name
		ADDED from src\main\AndroidManifest.xml:279:13-62
activity#com.mogu.activity.WifiUserListActivity
ADDED from src\main\AndroidManifest.xml:282:9-285:20
	android:theme
		ADDED from src\main\AndroidManifest.xml:284:13-69
	android:name
		ADDED from src\main\AndroidManifest.xml:283:13-66
activity#com.mogu.activity.JuDianDetailActivity
ADDED from src\main\AndroidManifest.xml:286:9-289:20
	android:theme
		ADDED from src\main\AndroidManifest.xml:288:13-69
	android:name
		ADDED from src\main\AndroidManifest.xml:287:13-66
activity#com.mogu.activity.ServiceAgreementActivity
ADDED from src\main\AndroidManifest.xml:290:9-293:20
	android:theme
		ADDED from src\main\AndroidManifest.xml:292:13-69
	android:name
		ADDED from src\main\AndroidManifest.xml:291:13-70
activity#com.mogu.activity.FeedBackActivity
ADDED from src\main\AndroidManifest.xml:294:9-297:20
	android:theme
		ADDED from src\main\AndroidManifest.xml:296:13-69
	android:name
		ADDED from src\main\AndroidManifest.xml:295:13-62
service#com.amap.api.location.APSService
ADDED from src\main\AndroidManifest.xml:299:9-300:19
	android:name
		ADDED from src\main\AndroidManifest.xml:299:18-65
activity#com.mogu.activity.HeadPortraitActivity
ADDED from src\main\AndroidManifest.xml:302:9-306:20
	android:configChanges
		ADDED from src\main\AndroidManifest.xml:304:13-74
	android:theme
		ADDED from src\main\AndroidManifest.xml:305:13-69
	android:name
		ADDED from src\main\AndroidManifest.xml:303:13-66
activity#com.mogu.activity.ChangePasswordActivity
ADDED from src\main\AndroidManifest.xml:307:9-310:20
	android:theme
		ADDED from src\main\AndroidManifest.xml:309:13-69
	android:name
		ADDED from src\main\AndroidManifest.xml:308:13-68
activity#com.mogu.activity.HtmlTopicDetailActivity
ADDED from src\main\AndroidManifest.xml:311:9-314:20
	android:theme
		ADDED from src\main\AndroidManifest.xml:313:13-69
	android:name
		ADDED from src\main\AndroidManifest.xml:312:13-69
activity#com.mogu.activity.CommentActivity
ADDED from src\main\AndroidManifest.xml:315:9-319:20
	android:windowSoftInputMode
		ADDED from src\main\AndroidManifest.xml:318:13-55
	android:theme
		ADDED from src\main\AndroidManifest.xml:317:13-50
	android:name
		ADDED from src\main\AndroidManifest.xml:316:13-61
activity#com.mogu.activity.HtmlNewsDetailActivity
ADDED from src\main\AndroidManifest.xml:320:9-323:20
	android:theme
		ADDED from src\main\AndroidManifest.xml:322:13-69
	android:name
		ADDED from src\main\AndroidManifest.xml:321:13-68
activity#com.mogu.activity.CaptureActivity
ADDED from src\main\AndroidManifest.xml:324:9-328:20
	android:screenOrientation
		ADDED from src\main\AndroidManifest.xml:326:13-49
	android:theme
		ADDED from src\main\AndroidManifest.xml:327:13-66
	android:name
		ADDED from src\main\AndroidManifest.xml:325:13-61
activity#com.mogu.activity.QRCodeActivity
ADDED from src\main\AndroidManifest.xml:329:9-332:20
	android:theme
		ADDED from src\main\AndroidManifest.xml:331:13-69
	android:name
		ADDED from src\main\AndroidManifest.xml:330:13-60
activity#com.mogu.activity.ChatActivity
ADDED from src\main\AndroidManifest.xml:333:9-337:58
	android:screenOrientation
		ADDED from src\main\AndroidManifest.xml:336:13-49
	android:launchMode
		ADDED from src\main\AndroidManifest.xml:335:13-44
	android:windowSoftInputMode
		ADDED from src\main\AndroidManifest.xml:337:13-55
	android:name
		ADDED from src\main\AndroidManifest.xml:334:13-58
activity#com.hyphenate.easeui.ui.EaseShowBigImageActivity
ADDED from src\main\AndroidManifest.xml:338:9-340:52
	android:screenOrientation
		ADDED from src\main\AndroidManifest.xml:340:13-49
	android:name
		ADDED from src\main\AndroidManifest.xml:339:13-76
activity#com.mogu.activity.MsgCheckActivity
ADDED from src\main\AndroidManifest.xml:341:9-344:20
	android:theme
		ADDED from src\main\AndroidManifest.xml:343:13-69
	android:name
		ADDED from src\main\AndroidManifest.xml:342:13-62
activity#com.mogu.activity.SayHelloActivity
ADDED from src\main\AndroidManifest.xml:345:9-348:20
	android:theme
		ADDED from src\main\AndroidManifest.xml:347:13-69
	android:name
		ADDED from src\main\AndroidManifest.xml:346:13-62
activity#com.mogu.activity.UserDetailInfoActivity
ADDED from src\main\AndroidManifest.xml:349:9-352:20
	android:theme
		ADDED from src\main\AndroidManifest.xml:351:13-69
	android:name
		ADDED from src\main\AndroidManifest.xml:350:13-68
activity#com.mogu.activity.ConActivity
ADDED from src\main\AndroidManifest.xml:353:9-356:20
	android:theme
		ADDED from src\main\AndroidManifest.xml:355:13-69
	android:name
		ADDED from src\main\AndroidManifest.xml:354:13-57
activity#com.mogu.activity.FriendDetailInfoActivity
ADDED from src\main\AndroidManifest.xml:357:9-360:20
	android:theme
		ADDED from src\main\AndroidManifest.xml:359:13-69
	android:name
		ADDED from src\main\AndroidManifest.xml:358:13-70
activity#com.mogu.activity.MyLabelActivity
ADDED from src\main\AndroidManifest.xml:361:9-364:20
	android:theme
		ADDED from src\main\AndroidManifest.xml:363:13-69
	android:name
		ADDED from src\main\AndroidManifest.xml:362:13-61
activity#com.mogu.activity.MyLabelListActivity
ADDED from src\main\AndroidManifest.xml:365:9-368:20
	android:theme
		ADDED from src\main\AndroidManifest.xml:367:13-69
	android:name
		ADDED from src\main\AndroidManifest.xml:366:13-65
activity#com.mogu.activity.BindingPhoneActivity
ADDED from src\main\AndroidManifest.xml:369:9-372:20
	android:theme
		ADDED from src\main\AndroidManifest.xml:371:13-69
	android:name
		ADDED from src\main\AndroidManifest.xml:370:13-66